<mxfile userAgent="Mozilla/5.0 (Macintosh; Intel Mac OS X 10_13_5) AppleWebKit/537.36 (KHTML, like Gecko) Chrome/68.0.3440.106 Safari/537.36" version="9.0.6" editor="www.draw.io" type="github"><diagram id="6e9fd6c3-d084-f968-ec2c-3f1e51f9eb53" name="Page-1">7Vptc5s4EP41mmm/dADxIj6CY/d6087kmpvp9SMG2abFlg/kxLlffyshmVc7zgSTnnPJTAKrFRK7++yudkF4st5/zKPt6gtLaIYsI9kjfIMsy7RNB/4JymNJ8TxSEpZ5miiminCX/kMV0VDUXZrQosHIGct4um0SY7bZ0Jg3aFGes4cm24JlzVW30ZJ2CHdxlHWp39KEr0oqcYyK/htNlyu9smmokXkU/1zmbLdR6yELL+RPObyO9LMUf7GKEvZQI+EpwpOcMV5erfcTmgnZarGV82ZHRg/7zumGnzPBKifcR9mO6h3LffFHLYt7mvMURPM5mtPslhUpT9kGhuaMc7ZGONQMQZYuxQBnW6Cu+DqDGxMuC56znwdBWoKyirbi8ducxbQAZYUPq5TTu20UC/IDWBXQpByp2Kkh5pRWYnwwfMeu/7owGOWxsiJxt0izbMIylss3wElEySI+bKQ24saEzhcwkkTFSq4k9tsVopKreFO6r5GUUD9StqY8fwSW/cEiyikKAKZW+ENlTgcjWNVMydE2FikTXh6eXakRLpQm+7WKO1r9I0BTBxGC/FBchCEKg98/fQ3EpKIArrbWK9mbR7TTUXBd4p4/N4xe1bd0s1hQN44HErrbEjrpCt3sE7o9gMydPpnDYlMXhSB5E009FBBEwo6o4e34KXlu2Ia2BKdIkUJcDDKjeQ8U12mSiGXOgNeCbfid2lSPG3m+MnBLGbirDK9HF9YAunD/92oX8Wp2C2CWe6ZXs70BtOp1tPr15i0jzCZtbbijIczsIoomkEKpW5bzFVuyTZRNK2rYjCk1bdB9yv+SKHDU3Xc9soGN1YbE7Xclzx+U80eFj2jHGZCqdT8zgdfThl+wXR6r3fsliUf5kh6yupImXuykPnKaRTy9b+aOL5Gu3/VfUx+Bun0I4wSFM0Q8Gb07MR1ZbiZMfZ7D1VJe7ZaLdK84iSvQ4tsomHU5B84BDPlzXg4gM+RBXJTTSrws3xsvB9DHnqtBhYZAAxb4tWChd9PAhYP8Cbj9o2Y+tVEIlB5kyKEZCqZiVmAjcgMPeSOwwN6YsPDGgcWwpo97TN99NdPvHumkiRsouKmcPyRAZCqNHgzaQgSLaEEgKwp0khS+Efu2nRHtW5+3r8btY6vH9slr2T6+NvFqN1IXrxb5K7iW7mn5C4WNAekZuWPJE8rTGJkJx3TwOG819XTwmD7o2g5k2t80fJD/aiAh/fEXwq4tL1xl+8rkiTBz3+mJyD22X1JEeQCJloY2TvfvHSsZMJYmXSdp2PliFciABciwQJ7AHxH7EdWQKYLjj1j6BhD5I8ol2wQRRy8K712u29xLsds2bEmvqzYnCpv5cv7OchxRgLFAfGJ3+up9d6PvzPe1JeXjL4L8OXFs5zzkk5heqvBsm9262OWQ714b8ntqMbq8Pj7yLTK2eBvClXwXF+/gflVODfI8eqwxbFm64UXtybeCUMHoUJnUAdRpNS9b/P6L2LE6llZ2UO63sorDi58XIvqrdnD2Ao9bBgRiygrDFeQ6HY/nj+nx7CvzeD2lhl8TkRY+DTHHO8n/Yoz1dFlFnhOGyMcyDYM8Z9Y1jixLt4UwAt2hS9huntHpgb4GyaeinWMeQZJo3ZTKNu2nQdrpGrUaQa1GnkNJYvdhm1hz7LoDIdbzPjhNf9mDWeJ0ITvEFwk9zbuuc9S5qyHT1ECqsqedIZLkjBUgzqfPkb9G528A9R2LjWM0+470o9rKk0X00JQdKjjmO8eUl1O2pZu3pDyTNJFn9SDvUsrTn10MHSy9E9HSa4TLwUvz2pk0Dgje0AHzbAGbIwjYOCXgUQqUr9f70KXRhvsBr+OhwJWRYoZ8c/JJtvMCQYaMwLdF9KgKM2V1UrJDpiC81QyFEyCma/EpqKxbzP68hb+ySlIO+h3F/hdT9XZZ0u35EOtiqToeqfXX+NLpeVhoGfST4OjBhnsZJMBt9SVwmS1Xn1vj6b8=</diagram></mxfile>